2026-04-05 22:31:54,720  INFO     ============================================================
2026-04-05 22:31:54,720  INFO     ATRACO MASIVO BT2 — DRY-RUN
2026-04-05 22:31:54,720  INFO     Pass: 0 — Manual — 2023-08-11 a 2023-08-19
2026-04-05 22:31:54,720  INFO     Rango: 2023-08-11 → 2023-08-19
2026-04-05 22:31:54,720  INFO     Ligas SM: [8, 82, 301, 384, 564]
2026-04-05 22:31:54,720  INFO     Sports ODDS: ['soccer_epl', 'soccer_germany_bundesliga', 'soccer_france_ligue_1', 'soccer_italy_serie_a', 'soccer_spain_la_liga']
2026-04-05 22:31:54,720  INFO     ============================================================
2026-04-05 22:31:54,720  INFO     SPORTMONKS_KEY: fShuYpch...  THEODDSAPI_KEY: presente
2026-04-05 22:31:54,762  INFO     [SM-WORKER] Iniciando — 2023-08-11 → 2023-08-19 (9 días) — ligas: [8, 82, 301, 384, 564] — dry_run: True
2026-04-05 22:31:54,804  INFO     [ODDS-WORKER] Iniciando — 2023-08-11 → 2023-08-19 — 5 deportes × 9 días = 45 combos — dry_run: True
2026-04-05 22:31:55,239  INFO     HTTP Request: GET https://api.the-odds-api.com/v4/historical/odds?apiKey=d34ede542a7d5cc181ac25e605c2ec9d&sport=soccer_epl&regions=eu&markets=h2h%2Ctotals&dateFormat=iso&date=2023-08-11T12%3A00%3A00Z "HTTP/1.1 404 Not Found"
2026-04-05 22:31:55,643  INFO     HTTP Request: GET https://api.the-odds-api.com/v4/historical/odds?apiKey=d34ede542a7d5cc181ac25e605c2ec9d&sport=soccer_epl&regions=eu&markets=h2h%2Ctotals&dateFormat=iso&date=2023-08-12T12%3A00%3A00Z "HTTP/1.1 404 Not Found"
2026-04-05 22:31:56,052  INFO     HTTP Request: GET https://api.the-odds-api.com/v4/historical/odds?apiKey=d34ede542a7d5cc181ac25e605c2ec9d&sport=soccer_epl&regions=eu&markets=h2h%2Ctotals&dateFormat=iso&date=2023-08-13T12%3A00%3A00Z "HTTP/1.1 404 Not Found"
2026-04-05 22:31:56,448  INFO     HTTP Request: GET https://api.the-odds-api.com/v4/historical/odds?apiKey=d34ede542a7d5cc181ac25e605c2ec9d&sport=soccer_epl&regions=eu&markets=h2h%2Ctotals&dateFormat=iso&date=2023-08-14T12%3A00%3A00Z "HTTP/1.1 404 Not Found"
2026-04-05 22:31:56,843  INFO     HTTP Request: GET https://api.the-odds-api.com/v4/historical/odds?apiKey=d34ede542a7d5cc181ac25e605c2ec9d&sport=soccer_epl&regions=eu&markets=h2h%2Ctotals&dateFormat=iso&date=2023-08-15T12%3A00%3A00Z "HTTP/1.1 404 Not Found"
2026-04-05 22:31:57,251  INFO     HTTP Request: GET https://api.the-odds-api.com/v4/historical/odds?apiKey=d34ede542a7d5cc181ac25e605c2ec9d&sport=soccer_epl&regions=eu&markets=h2h%2Ctotals&dateFormat=iso&date=2023-08-16T12%3A00%3A00Z "HTTP/1.1 404 Not Found"
2026-04-05 22:31:57,649  INFO     HTTP Request: GET https://api.the-odds-api.com/v4/historical/odds?apiKey=d34ede542a7d5cc181ac25e605c2ec9d&sport=soccer_epl&regions=eu&markets=h2h%2Ctotals&dateFormat=iso&date=2023-08-17T12%3A00%3A00Z "HTTP/1.1 404 Not Found"
2026-04-05 22:31:58,054  INFO     HTTP Request: GET https://api.the-odds-api.com/v4/historical/odds?apiKey=d34ede542a7d5cc181ac25e605c2ec9d&sport=soccer_epl&regions=eu&markets=h2h%2Ctotals&dateFormat=iso&date=2023-08-18T12%3A00%3A00Z "HTTP/1.1 404 Not Found"
2026-04-05 22:31:58,446  INFO     HTTP Request: GET https://api.the-odds-api.com/v4/historical/odds?apiKey=d34ede542a7d5cc181ac25e605c2ec9d&sport=soccer_epl&regions=eu&markets=h2h%2Ctotals&dateFormat=iso&date=2023-08-19T12%3A00%3A00Z "HTTP/1.1 404 Not Found"
2026-04-05 22:31:58,852  INFO     HTTP Request: GET https://api.the-odds-api.com/v4/historical/odds?apiKey=d34ede542a7d5cc181ac25e605c2ec9d&sport=soccer_germany_bundesliga&regions=eu&markets=h2h%2Ctotals&dateFormat=iso&date=2023-08-11T12%3A00%3A00Z "HTTP/1.1 404 Not Found"
2026-04-05 22:31:59,247  INFO     HTTP Request: GET https://api.the-odds-api.com/v4/historical/odds?apiKey=d34ede542a7d5cc181ac25e605c2ec9d&sport=soccer_germany_bundesliga&regions=eu&markets=h2h%2Ctotals&dateFormat=iso&date=2023-08-12T12%3A00%3A00Z "HTTP/1.1 404 Not Found"
2026-04-05 22:31:59,648  INFO     HTTP Request: GET https://api.the-odds-api.com/v4/historical/odds?apiKey=d34ede542a7d5cc181ac25e605c2ec9d&sport=soccer_germany_bundesliga&regions=eu&markets=h2h%2Ctotals&dateFormat=iso&date=2023-08-13T12%3A00%3A00Z "HTTP/1.1 404 Not Found"
2026-04-05 22:32:00,040  INFO     HTTP Request: GET https://api.the-odds-api.com/v4/historical/odds?apiKey=d34ede542a7d5cc181ac25e605c2ec9d&sport=soccer_germany_bundesliga&regions=eu&markets=h2h%2Ctotals&dateFormat=iso&date=2023-08-14T12%3A00%3A00Z "HTTP/1.1 404 Not Found"
2026-04-05 22:32:00,443  INFO     HTTP Request: GET https://api.the-odds-api.com/v4/historical/odds?apiKey=d34ede542a7d5cc181ac25e605c2ec9d&sport=soccer_germany_bundesliga&regions=eu&markets=h2h%2Ctotals&dateFormat=iso&date=2023-08-15T12%3A00%3A00Z "HTTP/1.1 404 Not Found"
2026-04-05 22:32:00,852  INFO     HTTP Request: GET https://api.the-odds-api.com/v4/historical/odds?apiKey=d34ede542a7d5cc181ac25e605c2ec9d&sport=soccer_germany_bundesliga&regions=eu&markets=h2h%2Ctotals&dateFormat=iso&date=2023-08-16T12%3A00%3A00Z "HTTP/1.1 404 Not Found"
2026-04-05 22:32:01,262  INFO     HTTP Request: GET https://api.the-odds-api.com/v4/historical/odds?apiKey=d34ede542a7d5cc181ac25e605c2ec9d&sport=soccer_germany_bundesliga&regions=eu&markets=h2h%2Ctotals&dateFormat=iso&date=2023-08-17T12%3A00%3A00Z "HTTP/1.1 404 Not Found"
2026-04-05 22:32:01,655  INFO     HTTP Request: GET https://api.the-odds-api.com/v4/historical/odds?apiKey=d34ede542a7d5cc181ac25e605c2ec9d&sport=soccer_germany_bundesliga&regions=eu&markets=h2h%2Ctotals&dateFormat=iso&date=2023-08-18T12%3A00%3A00Z "HTTP/1.1 404 Not Found"
2026-04-05 22:32:02,049  INFO     HTTP Request: GET https://api.the-odds-api.com/v4/historical/odds?apiKey=d34ede542a7d5cc181ac25e605c2ec9d&sport=soccer_germany_bundesliga&regions=eu&markets=h2h%2Ctotals&dateFormat=iso&date=2023-08-19T12%3A00%3A00Z "HTTP/1.1 404 Not Found"
2026-04-05 22:32:02,443  INFO     HTTP Request: GET https://api.the-odds-api.com/v4/historical/odds?apiKey=d34ede542a7d5cc181ac25e605c2ec9d&sport=soccer_france_ligue_1&regions=eu&markets=h2h%2Ctotals&dateFormat=iso&date=2023-08-11T12%3A00%3A00Z "HTTP/1.1 404 Not Found"
2026-04-05 22:32:02,838  INFO     HTTP Request: GET https://api.sportmonks.com/v3/football/fixtures/date/2023-08-11?api_token=fShuYpchTkyyWmssa3gmDb6Va8E7xGojoJMDFisjrs126OxdNsPKWZTYya5t&include=participants%3Bodds%3Bstatistics%3Bevents%3Bleague%3Bscores&page=1 "HTTP/1.1 200 OK"
2026-04-05 22:32:02,839  INFO     HTTP Request: GET https://api.the-odds-api.com/v4/historical/odds?apiKey=d34ede542a7d5cc181ac25e605c2ec9d&sport=soccer_france_ligue_1&regions=eu&markets=h2h%2Ctotals&dateFormat=iso&date=2023-08-12T12%3A00%3A00Z "HTTP/1.1 404 Not Found"
2026-04-05 22:32:02,840  INFO     [ODDS-WORKER] Ligue 1 | progreso: 20/45 | fetched: 0 | stored: 0 | restantes: None
2026-04-05 22:32:03,229  INFO     HTTP Request: GET https://api.the-odds-api.com/v4/historical/odds?apiKey=d34ede542a7d5cc181ac25e605c2ec9d&sport=soccer_france_ligue_1&regions=eu&markets=h2h%2Ctotals&dateFormat=iso&date=2023-08-13T12%3A00%3A00Z "HTTP/1.1 404 Not Found"
2026-04-05 22:32:03,621  INFO     HTTP Request: GET https://api.the-odds-api.com/v4/historical/odds?apiKey=d34ede542a7d5cc181ac25e605c2ec9d&sport=soccer_france_ligue_1&regions=eu&markets=h2h%2Ctotals&dateFormat=iso&date=2023-08-14T12%3A00%3A00Z "HTTP/1.1 404 Not Found"
2026-04-05 22:32:04,012  INFO     HTTP Request: GET https://api.the-odds-api.com/v4/historical/odds?apiKey=d34ede542a7d5cc181ac25e605c2ec9d&sport=soccer_france_ligue_1&regions=eu&markets=h2h%2Ctotals&dateFormat=iso&date=2023-08-15T12%3A00%3A00Z "HTTP/1.1 404 Not Found"
2026-04-05 22:32:04,419  INFO     HTTP Request: GET https://api.the-odds-api.com/v4/historical/odds?apiKey=d34ede542a7d5cc181ac25e605c2ec9d&sport=soccer_france_ligue_1&regions=eu&markets=h2h%2Ctotals&dateFormat=iso&date=2023-08-16T12%3A00%3A00Z "HTTP/1.1 404 Not Found"
2026-04-05 22:32:04,835  INFO     HTTP Request: GET https://api.the-odds-api.com/v4/historical/odds?apiKey=d34ede542a7d5cc181ac25e605c2ec9d&sport=soccer_france_ligue_1&regions=eu&markets=h2h%2Ctotals&dateFormat=iso&date=2023-08-17T12%3A00%3A00Z "HTTP/1.1 404 Not Found"
2026-04-05 22:32:05,237  INFO     HTTP Request: GET https://api.the-odds-api.com/v4/historical/odds?apiKey=d34ede542a7d5cc181ac25e605c2ec9d&sport=soccer_france_ligue_1&regions=eu&markets=h2h%2Ctotals&dateFormat=iso&date=2023-08-18T12%3A00%3A00Z "HTTP/1.1 404 Not Found"
2026-04-05 22:32:05,628  INFO     HTTP Request: GET https://api.the-odds-api.com/v4/historical/odds?apiKey=d34ede542a7d5cc181ac25e605c2ec9d&sport=soccer_france_ligue_1&regions=eu&markets=h2h%2Ctotals&dateFormat=iso&date=2023-08-19T12%3A00%3A00Z "HTTP/1.1 404 Not Found"
2026-04-05 22:32:06,039  INFO     HTTP Request: GET https://api.the-odds-api.com/v4/historical/odds?apiKey=d34ede542a7d5cc181ac25e605c2ec9d&sport=soccer_italy_serie_a&regions=eu&markets=h2h%2Ctotals&dateFormat=iso&date=2023-08-11T12%3A00%3A00Z "HTTP/1.1 404 Not Found"
2026-04-05 22:32:06,437  INFO     HTTP Request: GET https://api.the-odds-api.com/v4/historical/odds?apiKey=d34ede542a7d5cc181ac25e605c2ec9d&sport=soccer_italy_serie_a&regions=eu&markets=h2h%2Ctotals&dateFormat=iso&date=2023-08-12T12%3A00%3A00Z "HTTP/1.1 404 Not Found"
2026-04-05 22:32:06,846  INFO     HTTP Request: GET https://api.the-odds-api.com/v4/historical/odds?apiKey=d34ede542a7d5cc181ac25e605c2ec9d&sport=soccer_italy_serie_a&regions=eu&markets=h2h%2Ctotals&dateFormat=iso&date=2023-08-13T12%3A00%3A00Z "HTTP/1.1 404 Not Found"
2026-04-05 22:32:07,236  INFO     HTTP Request: GET https://api.the-odds-api.com/v4/historical/odds?apiKey=d34ede542a7d5cc181ac25e605c2ec9d&sport=soccer_italy_serie_a&regions=eu&markets=h2h%2Ctotals&dateFormat=iso&date=2023-08-14T12%3A00%3A00Z "HTTP/1.1 404 Not Found"
2026-04-05 22:32:07,636  INFO     HTTP Request: GET https://api.the-odds-api.com/v4/historical/odds?apiKey=d34ede542a7d5cc181ac25e605c2ec9d&sport=soccer_italy_serie_a&regions=eu&markets=h2h%2Ctotals&dateFormat=iso&date=2023-08-15T12%3A00%3A00Z "HTTP/1.1 404 Not Found"
2026-04-05 22:32:08,041  INFO     HTTP Request: GET https://api.the-odds-api.com/v4/historical/odds?apiKey=d34ede542a7d5cc181ac25e605c2ec9d&sport=soccer_italy_serie_a&regions=eu&markets=h2h%2Ctotals&dateFormat=iso&date=2023-08-16T12%3A00%3A00Z "HTTP/1.1 404 Not Found"
2026-04-05 22:32:08,431  INFO     HTTP Request: GET https://api.the-odds-api.com/v4/historical/odds?apiKey=d34ede542a7d5cc181ac25e605c2ec9d&sport=soccer_italy_serie_a&regions=eu&markets=h2h%2Ctotals&dateFormat=iso&date=2023-08-17T12%3A00%3A00Z "HTTP/1.1 404 Not Found"
2026-04-05 22:32:08,821  INFO     HTTP Request: GET https://api.the-odds-api.com/v4/historical/odds?apiKey=d34ede542a7d5cc181ac25e605c2ec9d&sport=soccer_italy_serie_a&regions=eu&markets=h2h%2Ctotals&dateFormat=iso&date=2023-08-18T12%3A00%3A00Z "HTTP/1.1 404 Not Found"
2026-04-05 22:32:09,222  INFO     HTTP Request: GET https://api.the-odds-api.com/v4/historical/odds?apiKey=d34ede542a7d5cc181ac25e605c2ec9d&sport=soccer_italy_serie_a&regions=eu&markets=h2h%2Ctotals&dateFormat=iso&date=2023-08-19T12%3A00%3A00Z "HTTP/1.1 404 Not Found"
2026-04-05 22:32:09,609  INFO     HTTP Request: GET https://api.the-odds-api.com/v4/historical/odds?apiKey=d34ede542a7d5cc181ac25e605c2ec9d&sport=soccer_spain_la_liga&regions=eu&markets=h2h%2Ctotals&dateFormat=iso&date=2023-08-11T12%3A00%3A00Z "HTTP/1.1 404 Not Found"
2026-04-05 22:32:09,625  INFO     HTTP Request: GET https://api.sportmonks.com/v3/football/fixtures/date/2023-08-11?api_token=fShuYpchTkyyWmssa3gmDb6Va8E7xGojoJMDFisjrs126OxdNsPKWZTYya5t&include=participants%3Bodds%3Bstatistics%3Bevents%3Bleague%3Bscores&page=2 "HTTP/1.1 200 OK"
2026-04-05 22:32:10,002  INFO     HTTP Request: GET https://api.the-odds-api.com/v4/historical/odds?apiKey=d34ede542a7d5cc181ac25e605c2ec9d&sport=soccer_spain_la_liga&regions=eu&markets=h2h%2Ctotals&dateFormat=iso&date=2023-08-12T12%3A00%3A00Z "HTTP/1.1 404 Not Found"
2026-04-05 22:32:10,434  INFO     HTTP Request: GET https://api.the-odds-api.com/v4/historical/odds?apiKey=d34ede542a7d5cc181ac25e605c2ec9d&sport=soccer_spain_la_liga&regions=eu&markets=h2h%2Ctotals&dateFormat=iso&date=2023-08-13T12%3A00%3A00Z "HTTP/1.1 404 Not Found"
2026-04-05 22:32:10,827  INFO     HTTP Request: GET https://api.the-odds-api.com/v4/historical/odds?apiKey=d34ede542a7d5cc181ac25e605c2ec9d&sport=soccer_spain_la_liga&regions=eu&markets=h2h%2Ctotals&dateFormat=iso&date=2023-08-14T12%3A00%3A00Z "HTTP/1.1 404 Not Found"
2026-04-05 22:32:10,827  INFO     [ODDS-WORKER] La Liga | progreso: 40/45 | fetched: 0 | stored: 0 | restantes: None
2026-04-05 22:32:11,238  INFO     HTTP Request: GET https://api.the-odds-api.com/v4/historical/odds?apiKey=d34ede542a7d5cc181ac25e605c2ec9d&sport=soccer_spain_la_liga&regions=eu&markets=h2h%2Ctotals&dateFormat=iso&date=2023-08-15T12%3A00%3A00Z "HTTP/1.1 404 Not Found"
2026-04-05 22:32:11,628  INFO     HTTP Request: GET https://api.the-odds-api.com/v4/historical/odds?apiKey=d34ede542a7d5cc181ac25e605c2ec9d&sport=soccer_spain_la_liga&regions=eu&markets=h2h%2Ctotals&dateFormat=iso&date=2023-08-16T12%3A00%3A00Z "HTTP/1.1 404 Not Found"
2026-04-05 22:32:12,033  INFO     HTTP Request: GET https://api.the-odds-api.com/v4/historical/odds?apiKey=d34ede542a7d5cc181ac25e605c2ec9d&sport=soccer_spain_la_liga&regions=eu&markets=h2h%2Ctotals&dateFormat=iso&date=2023-08-17T12%3A00%3A00Z "HTTP/1.1 404 Not Found"
2026-04-05 22:32:12,430  INFO     HTTP Request: GET https://api.the-odds-api.com/v4/historical/odds?apiKey=d34ede542a7d5cc181ac25e605c2ec9d&sport=soccer_spain_la_liga&regions=eu&markets=h2h%2Ctotals&dateFormat=iso&date=2023-08-18T12%3A00%3A00Z "HTTP/1.1 404 Not Found"
2026-04-05 22:32:12,823  INFO     HTTP Request: GET https://api.the-odds-api.com/v4/historical/odds?apiKey=d34ede542a7d5cc181ac25e605c2ec9d&sport=soccer_spain_la_liga&regions=eu&markets=h2h%2Ctotals&dateFormat=iso&date=2023-08-19T12%3A00%3A00Z "HTTP/1.1 404 Not Found"
2026-04-05 22:32:13,126  INFO     [ODDS-WORKER] Terminado — requests: 45 | fetched: 0 | stored: 0 | cache hits: 0 | errores: 0
2026-04-05 22:32:14,659  INFO     HTTP Request: GET https://api.sportmonks.com/v3/football/fixtures/date/2023-08-12?api_token=fShuYpchTkyyWmssa3gmDb6Va8E7xGojoJMDFisjrs126OxdNsPKWZTYya5t&include=participants%3Bodds%3Bstatistics%3Bevents%3Bleague%3Bscores&page=1 "HTTP/1.1 200 OK"
2026-04-05 22:32:22,740  INFO     HTTP Request: GET https://api.sportmonks.com/v3/football/fixtures/date/2023-08-12?api_token=fShuYpchTkyyWmssa3gmDb6Va8E7xGojoJMDFisjrs126OxdNsPKWZTYya5t&include=participants%3Bodds%3Bstatistics%3Bevents%3Bleague%3Bscores&page=2 "HTTP/1.1 200 OK"
2026-04-05 22:32:32,081  INFO     HTTP Request: GET https://api.sportmonks.com/v3/football/fixtures/date/2023-08-12?api_token=fShuYpchTkyyWmssa3gmDb6Va8E7xGojoJMDFisjrs126OxdNsPKWZTYya5t&include=participants%3Bodds%3Bstatistics%3Bevents%3Bleague%3Bscores&page=3 "HTTP/1.1 200 OK"
2026-04-05 22:32:45,768  INFO     HTTP Request: GET https://api.sportmonks.com/v3/football/fixtures/date/2023-08-12?api_token=fShuYpchTkyyWmssa3gmDb6Va8E7xGojoJMDFisjrs126OxdNsPKWZTYya5t&include=participants%3Bodds%3Bstatistics%3Bevents%3Bleague%3Bscores&page=4 "HTTP/1.1 200 OK"
2026-04-05 22:32:51,675  INFO     HTTP Request: GET https://api.sportmonks.com/v3/football/fixtures/date/2023-08-12?api_token=fShuYpchTkyyWmssa3gmDb6Va8E7xGojoJMDFisjrs126OxdNsPKWZTYya5t&include=participants%3Bodds%3Bstatistics%3Bevents%3Bleague%3Bscores&page=5 "HTTP/1.1 200 OK"
2026-04-05 22:33:05,352  INFO     HTTP Request: GET https://api.sportmonks.com/v3/football/fixtures/date/2023-08-12?api_token=fShuYpchTkyyWmssa3gmDb6Va8E7xGojoJMDFisjrs126OxdNsPKWZTYya5t&include=participants%3Bodds%3Bstatistics%3Bevents%3Bleague%3Bscores&page=6 "HTTP/1.1 200 OK"
2026-04-05 22:33:15,513  INFO     HTTP Request: GET https://api.sportmonks.com/v3/football/fixtures/date/2023-08-12?api_token=fShuYpchTkyyWmssa3gmDb6Va8E7xGojoJMDFisjrs126OxdNsPKWZTYya5t&include=participants%3Bodds%3Bstatistics%3Bevents%3Bleague%3Bscores&page=7 "HTTP/1.1 200 OK"
2026-04-05 22:33:29,082  INFO     HTTP Request: GET https://api.sportmonks.com/v3/football/fixtures/date/2023-08-13?api_token=fShuYpchTkyyWmssa3gmDb6Va8E7xGojoJMDFisjrs126OxdNsPKWZTYya5t&include=participants%3Bodds%3Bstatistics%3Bevents%3Bleague%3Bscores&page=1 "HTTP/1.1 200 OK"
2026-04-05 22:33:38,352  INFO     HTTP Request: GET https://api.sportmonks.com/v3/football/fixtures/date/2023-08-13?api_token=fShuYpchTkyyWmssa3gmDb6Va8E7xGojoJMDFisjrs126OxdNsPKWZTYya5t&include=participants%3Bodds%3Bstatistics%3Bevents%3Bleague%3Bscores&page=2 "HTTP/1.1 200 OK"
2026-04-05 22:33:49,345  INFO     HTTP Request: GET https://api.sportmonks.com/v3/football/fixtures/date/2023-08-13?api_token=fShuYpchTkyyWmssa3gmDb6Va8E7xGojoJMDFisjrs126OxdNsPKWZTYya5t&include=participants%3Bodds%3Bstatistics%3Bevents%3Bleague%3Bscores&page=3 "HTTP/1.1 200 OK"
2026-04-05 22:34:00,193  INFO     HTTP Request: GET https://api.sportmonks.com/v3/football/fixtures/date/2023-08-13?api_token=fShuYpchTkyyWmssa3gmDb6Va8E7xGojoJMDFisjrs126OxdNsPKWZTYya5t&include=participants%3Bodds%3Bstatistics%3Bevents%3Bleague%3Bscores&page=4 "HTTP/1.1 200 OK"
2026-04-05 22:34:05,205  INFO     HTTP Request: GET https://api.sportmonks.com/v3/football/fixtures/date/2023-08-13?api_token=fShuYpchTkyyWmssa3gmDb6Va8E7xGojoJMDFisjrs126OxdNsPKWZTYya5t&include=participants%3Bodds%3Bstatistics%3Bevents%3Bleague%3Bscores&page=5 "HTTP/1.1 200 OK"
2026-04-05 22:34:18,758  INFO     HTTP Request: GET https://api.sportmonks.com/v3/football/fixtures/date/2023-08-14?api_token=fShuYpchTkyyWmssa3gmDb6Va8E7xGojoJMDFisjrs126OxdNsPKWZTYya5t&include=participants%3Bodds%3Bstatistics%3Bevents%3Bleague%3Bscores&page=1 "HTTP/1.1 200 OK"
2026-04-05 22:34:24,574  INFO     HTTP Request: GET https://api.sportmonks.com/v3/football/fixtures/date/2023-08-14?api_token=fShuYpchTkyyWmssa3gmDb6Va8E7xGojoJMDFisjrs126OxdNsPKWZTYya5t&include=participants%3Bodds%3Bstatistics%3Bevents%3Bleague%3Bscores&page=2 "HTTP/1.1 200 OK"
2026-04-05 22:34:33,640  INFO     HTTP Request: GET https://api.sportmonks.com/v3/football/fixtures/date/2023-08-15?api_token=fShuYpchTkyyWmssa3gmDb6Va8E7xGojoJMDFisjrs126OxdNsPKWZTYya5t&include=participants%3Bodds%3Bstatistics%3Bevents%3Bleague%3Bscores&page=1 "HTTP/1.1 200 OK"
2026-04-05 22:34:43,165  INFO     HTTP Request: GET https://api.sportmonks.com/v3/football/fixtures/date/2023-08-15?api_token=fShuYpchTkyyWmssa3gmDb6Va8E7xGojoJMDFisjrs126OxdNsPKWZTYya5t&include=participants%3Bodds%3Bstatistics%3Bevents%3Bleague%3Bscores&page=2 "HTTP/1.1 200 OK"
2026-04-05 22:34:48,250  INFO     HTTP Request: GET https://api.sportmonks.com/v3/football/fixtures/date/2023-08-16?api_token=fShuYpchTkyyWmssa3gmDb6Va8E7xGojoJMDFisjrs126OxdNsPKWZTYya5t&include=participants%3Bodds%3Bstatistics%3Bevents%3Bleague%3Bscores&page=1 "HTTP/1.1 200 OK"
2026-04-05 22:34:51,891  INFO     HTTP Request: GET https://api.sportmonks.com/v3/football/fixtures/date/2023-08-17?api_token=fShuYpchTkyyWmssa3gmDb6Va8E7xGojoJMDFisjrs126OxdNsPKWZTYya5t&include=participants%3Bodds%3Bstatistics%3Bevents%3Bleague%3Bscores&page=1 "HTTP/1.1 200 OK"
2026-04-05 22:35:02,138  INFO     HTTP Request: GET https://api.sportmonks.com/v3/football/fixtures/date/2023-08-18?api_token=fShuYpchTkyyWmssa3gmDb6Va8E7xGojoJMDFisjrs126OxdNsPKWZTYya5t&include=participants%3Bodds%3Bstatistics%3Bevents%3Bleague%3Bscores&page=1 "HTTP/1.1 200 OK"
2026-04-05 22:35:18,845  INFO     HTTP Request: GET https://api.sportmonks.com/v3/football/fixtures/date/2023-08-18?api_token=fShuYpchTkyyWmssa3gmDb6Va8E7xGojoJMDFisjrs126OxdNsPKWZTYya5t&include=participants%3Bodds%3Bstatistics%3Bevents%3Bleague%3Bscores&page=2 "HTTP/1.1 200 OK"
2026-04-05 22:35:25,150  INFO     HTTP Request: GET https://api.sportmonks.com/v3/football/fixtures/date/2023-08-18?api_token=fShuYpchTkyyWmssa3gmDb6Va8E7xGojoJMDFisjrs126OxdNsPKWZTYya5t&include=participants%3Bodds%3Bstatistics%3Bevents%3Bleague%3Bscores&page=3 "HTTP/1.1 200 OK"
2026-04-05 22:35:38,792  INFO     HTTP Request: GET https://api.sportmonks.com/v3/football/fixtures/date/2023-08-19?api_token=fShuYpchTkyyWmssa3gmDb6Va8E7xGojoJMDFisjrs126OxdNsPKWZTYya5t&include=participants%3Bodds%3Bstatistics%3Bevents%3Bleague%3Bscores&page=1 "HTTP/1.1 200 OK"
2026-04-05 22:35:50,887  INFO     HTTP Request: GET https://api.sportmonks.com/v3/football/fixtures/date/2023-08-19?api_token=fShuYpchTkyyWmssa3gmDb6Va8E7xGojoJMDFisjrs126OxdNsPKWZTYya5t&include=participants%3Bodds%3Bstatistics%3Bevents%3Bleague%3Bscores&page=2 "HTTP/1.1 200 OK"
2026-04-05 22:36:00,801  INFO     HTTP Request: GET https://api.sportmonks.com/v3/football/fixtures/date/2023-08-19?api_token=fShuYpchTkyyWmssa3gmDb6Va8E7xGojoJMDFisjrs126OxdNsPKWZTYya5t&include=participants%3Bodds%3Bstatistics%3Bevents%3Bleague%3Bscores&page=3 "HTTP/1.1 200 OK"
2026-04-05 22:36:06,301  INFO     HTTP Request: GET https://api.sportmonks.com/v3/football/fixtures/date/2023-08-19?api_token=fShuYpchTkyyWmssa3gmDb6Va8E7xGojoJMDFisjrs126OxdNsPKWZTYya5t&include=participants%3Bodds%3Bstatistics%3Bevents%3Bleague%3Bscores&page=4 "HTTP/1.1 200 OK"
2026-04-05 22:36:08,000  INFO     HTTP Request: GET https://api.sportmonks.com/v3/football/fixtures/date/2023-08-19?api_token=fShuYpchTkyyWmssa3gmDb6Va8E7xGojoJMDFisjrs126OxdNsPKWZTYya5t&include=participants%3Bodds%3Bstatistics%3Bevents%3Bleague%3Bscores&page=5 "HTTP/1.1 200 OK"
2026-04-05 22:36:08,584  INFO     HTTP Request: GET https://api.sportmonks.com/v3/football/fixtures/date/2023-08-19?api_token=fShuYpchTkyyWmssa3gmDb6Va8E7xGojoJMDFisjrs126OxdNsPKWZTYya5t&include=participants%3Bodds%3Bstatistics%3Bevents%3Bleague%3Bscores&page=6 "HTTP/1.1 200 OK"
2026-04-05 22:36:09,136  INFO     HTTP Request: GET https://api.sportmonks.com/v3/football/fixtures/date/2023-08-19?api_token=fShuYpchTkyyWmssa3gmDb6Va8E7xGojoJMDFisjrs126OxdNsPKWZTYya5t&include=participants%3Bodds%3Bstatistics%3Bevents%3Bleague%3Bscores&page=7 "HTTP/1.1 200 OK"
2026-04-05 22:36:09,702  INFO     HTTP Request: GET https://api.sportmonks.com/v3/football/fixtures/date/2023-08-19?api_token=fShuYpchTkyyWmssa3gmDb6Va8E7xGojoJMDFisjrs126OxdNsPKWZTYya5t&include=participants%3Bodds%3Bstatistics%3Bevents%3Bleague%3Bscores&page=8 "HTTP/1.1 200 OK"
2026-04-05 22:36:13,726  INFO     HTTP Request: GET https://api.sportmonks.com/v3/football/fixtures/date/2023-08-19?api_token=fShuYpchTkyyWmssa3gmDb6Va8E7xGojoJMDFisjrs126OxdNsPKWZTYya5t&include=participants%3Bodds%3Bstatistics%3Bevents%3Bleague%3Bscores&page=9 "HTTP/1.1 200 OK"
2026-04-05 22:36:21,023  INFO     HTTP Request: GET https://api.sportmonks.com/v3/football/fixtures/date/2023-08-19?api_token=fShuYpchTkyyWmssa3gmDb6Va8E7xGojoJMDFisjrs126OxdNsPKWZTYya5t&include=participants%3Bodds%3Bstatistics%3Bevents%3Bleague%3Bscores&page=10 "HTTP/1.1 200 OK"
2026-04-05 22:36:30,524  INFO     HTTP Request: GET https://api.sportmonks.com/v3/football/fixtures/date/2023-08-19?api_token=fShuYpchTkyyWmssa3gmDb6Va8E7xGojoJMDFisjrs126OxdNsPKWZTYya5t&include=participants%3Bodds%3Bstatistics%3Bevents%3Bleague%3Bscores&page=11 "HTTP/1.1 200 OK"
2026-04-05 22:36:38,187  INFO     HTTP Request: GET https://api.sportmonks.com/v3/football/fixtures/date/2023-08-19?api_token=fShuYpchTkyyWmssa3gmDb6Va8E7xGojoJMDFisjrs126OxdNsPKWZTYya5t&include=participants%3Bodds%3Bstatistics%3Bevents%3Bleague%3Bscores&page=12 "HTTP/1.1 200 OK"
2026-04-05 22:36:39,866  INFO     [SM-WORKER] Terminado — 9 días | 54 fixtures fetched | 54 stored | 0 errores
2026-04-05 22:36:39,919  INFO     Reporte guardado: /Users/kevcast/Projects/scrapper/docs/bettracker2/recon_results/atraco_2023-08-11_2023-08-19_dry.md
2026-04-05 22:36:39,919  INFO     ============================================================
2026-04-05 22:36:39,919  INFO     ATRACO COMPLETADO en 4.8 min
2026-04-05 22:36:39,919  INFO     Fixtures stored: 54
2026-04-05 22:36:39,919  INFO     Snapshots stored: 0
2026-04-05 22:36:39,919  INFO     Log: /Users/kevcast/Projects/scrapper/docs/bettracker2/recon_results/atraco_p0_2023-08-11_2023-08-19_dry.log
2026-04-05 22:36:39,919  INFO     Reporte: /Users/kevcast/Projects/scrapper/docs/bettracker2/recon_results/atraco_2023-08-11_2023-08-19_dry.md
2026-04-05 22:36:39,919  INFO     ============================================================
